<?xml version="1.0" encoding="utf-8"?><testsuites name="pytest tests"><testsuite name="pytest" errors="0" failures="1" skipped="0" tests="22" time="13.634" timestamp="2026-05-24T15:56:26.403522+00:00" hostname="agent-env-6b6cd072-ab2e-4cbc-9841-2306848e19c5"><testcase classname="test_product_catalog.TestRoot" name="test_root_endpoint_v2" time="0.328" /><testcase classname="test_product_catalog.TestCategories" name="test_get_categories_list" time="0.178" /><testcase classname="test_product_catalog.TestCategories" name="test_create_and_get_category" time="0.218" /><testcase classname="test_product_catalog.TestProductsCreate" name="test_create_product_full_v2" time="1.804" /><testcase classname="test_product_catalog.TestProductsCreate" name="test_create_product_minimal_optional_fields_empty" time="1.457" /><testcase classname="test_product_catalog.TestProductsCreate" name="test_create_product_rejects_zero_images" time="0.148" /><testcase classname="test_product_catalog.TestProductsCreate" name="test_create_product_rejects_more_than_5_images" time="0.168" /><testcase classname="test_product_catalog.TestProductsCreate" name="test_create_product_missing_images_field" time="0.178"><failure message="AssertionError: {&quot;id&quot;:&quot;615bcc7c-d368-48b8-b893-6e7bf0451123&quot;,&quot;name&quot;:&quot;TEST_NoImgField_cbc02f&quot;,&quot;price&quot;:1.0,&quot;images&quot;:[],&quot;category&quot;:null,&quot;subcategory&quot;:null,&quot;barcode&quot;:null,&quot;article_number&quot;:null,&quot;ai_features&quot;:null,&quot;created_at&quot;:&quot;2026-05-24T15:56:30.967976Z&quot;,&quot;updated_at&quot;:&quot;2026-05-24T15:56:30.967981Z&quot;}&#10;assert 200 == 422&#10; +  where 200 = &lt;Response [200]&gt;.status_code">test_product_catalog.py:149: in test_create_product_missing_images_field
    assert r.status_code == 422, r.text
E   AssertionError: {"id":"615bcc7c-d368-48b8-b893-6e7bf0451123","name":"TEST_NoImgField_cbc02f","price":1.0,"images":[],"category":null,"subcategory":null,"barcode":null,"article_number":null,"ai_features":null,"created_at":"2026-05-24T15:56:30.967976Z","updated_at":"2026-05-24T15:56:30.967981Z"}
E   assert 200 == 422
E    +  where 200 = &lt;Response [200]&gt;.status_code</failure></testcase><testcase classname="test_product_catalog.TestProductsRead" name="test_get_product_by_id" time="0.175" /><testcase classname="test_product_catalog.TestProductsRead" name="test_get_product_not_found" time="0.137" /><testcase classname="test_product_catalog.TestProductsRead" name="test_list_products" time="1.645" /><testcase classname="test_product_catalog.TestProductsRead" name="test_list_products_filter_category" time="0.198" /><testcase classname="test_product_catalog.TestProductsUpdate" name="test_partial_update_price_and_name" time="0.220" /><testcase classname="test_product_catalog.TestProductsUpdate" name="test_update_with_new_images_triggers_reextract" time="1.329" /><testcase classname="test_product_catalog.TestProductsUpdate" name="test_update_product_not_found" time="0.186" /><testcase classname="test_product_catalog.TestSearch" name="test_text_search_finds_updated" time="0.131" /><testcase classname="test_product_catalog.TestSearch" name="test_barcode_search_found" time="0.130" /><testcase classname="test_product_catalog.TestSearch" name="test_barcode_search_not_found" time="0.129" /><testcase classname="test_product_catalog.TestSearch" name="test_photo_search_returns_ai_analysis" time="2.107" /><testcase classname="test_product_catalog.TestLegacyCompat" name="test_legacy_product_image_base64_migrates_to_images" time="2.023" /><testcase classname="test_product_catalog.TestZCleanup" name="test_delete_created_products" time="0.400" /><testcase classname="test_product_catalog.TestZCleanup" name="test_delete_product_not_found" time="0.129" /></testsuite></testsuites>